{"C:\\Users\\jhona\\OneDrive\\Documentos\\Icesi\\Compunet 3\\Nexus\\src\\controllers\\course.controller.ts": {"path":"C:\\Users\\jhona\\OneDrive\\Documentos\\Icesi\\Compunet 3\\Nexus\\src\\controllers\\course.controller.ts","statementMap":{"0":{"start":{"line":2,"column":0},"end":{"line":2,"column":55}},"1":{"start":{"line":14,"column":4},"end":{"line":20,"column":5}},"2":{"start":{"line":15,"column":39},"end":{"line":15,"column":47}},"3":{"start":{"line":16,"column":21},"end":{"line":16,"column":65}},"4":{"start":{"line":17,"column":6},"end":{"line":17,"column":60}},"5":{"start":{"line":19,"column":6},"end":{"line":19,"column":18}},"6":{"start":{"line":28,"column":4},"end":{"line":33,"column":5}},"7":{"start":{"line":29,"column":22},"end":{"line":29,"column":57}},"8":{"start":{"line":30,"column":6},"end":{"line":30,"column":84}},"9":{"start":{"line":32,"column":6},"end":{"line":32,"column":18}},"10":{"start":{"line":41,"column":4},"end":{"line":47,"column":5}},"11":{"start":{"line":42,"column":23},"end":{"line":42,"column":36}},"12":{"start":{"line":43,"column":21},"end":{"line":43,"column":64}},"13":{"start":{"line":44,"column":6},"end":{"line":44,"column":60}},"14":{"start":{"line":46,"column":6},"end":{"line":46,"column":18}},"15":{"start":{"line":55,"column":4},"end":{"line":62,"column":5}},"16":{"start":{"line":56,"column":23},"end":{"line":56,"column":36}},"17":{"start":{"line":57,"column":40},"end":{"line":57,"column":48}},"18":{"start":{"line":58,"column":21},"end":{"line":58,"column":75}},"19":{"start":{"line":59,"column":6},"end":{"line":59,"column":60}},"20":{"start":{"line":61,"column":6},"end":{"line":61,"column":18}},"21":{"start":{"line":70,"column":4},"end":{"line":76,"column":5}},"22":{"start":{"line":71,"column":23},"end":{"line":71,"column":36}},"23":{"start":{"line":72,"column":6},"end":{"line":72,"column":49}},"24":{"start":{"line":73,"column":6},"end":{"line":73,"column":88}},"25":{"start":{"line":75,"column":6},"end":{"line":75,"column":18}},"26":{"start":{"line":8,"column":0},"end":{"line":8,"column":13}},"27":{"start":{"line":80,"column":0},"end":{"line":80,"column":38}}},"fnMap":{"0":{"name":"(anonymous_1)","decl":{"start":{"line":13,"column":2},"end":{"line":13,"column":7}},"loc":{"start":{"line":13,"column":68},"end":{"line":21,"column":3}}},"1":{"name":"(anonymous_2)","decl":{"start":{"line":27,"column":2},"end":{"line":27,"column":7}},"loc":{"start":{"line":27,"column":70},"end":{"line":34,"column":3}}},"2":{"name":"(anonymous_3)","decl":{"start":{"line":40,"column":2},"end":{"line":40,"column":7}},"loc":{"start":{"line":40,"column":69},"end":{"line":48,"column":3}}},"3":{"name":"(anonymous_4)","decl":{"start":{"line":54,"column":2},"end":{"line":54,"column":7}},"loc":{"start":{"line":54,"column":68},"end":{"line":63,"column":3}}},"4":{"name":"(anonymous_5)","decl":{"start":{"line":69,"column":2},"end":{"line":69,"column":7}},"loc":{"start":{"line":69,"column":68},"end":{"line":77,"column":3}}}},"branchMap":{},"s":{"0":1,"1":2,"2":2,"3":2,"4":1,"5":1,"6":2,"7":2,"8":1,"9":1,"10":2,"11":2,"12":2,"13":1,"14":1,"15":2,"16":2,"17":2,"18":2,"19":1,"20":1,"21":2,"22":2,"23":2,"24":1,"25":1,"26":1,"27":1},"f":{"0":2,"1":2,"2":2,"3":2,"4":2},"b":{}}
,"C:\\Users\\jhona\\OneDrive\\Documentos\\Icesi\\Compunet 3\\Nexus\\src\\controllers\\submission.controller.ts": {"path":"C:\\Users\\jhona\\OneDrive\\Documentos\\Icesi\\Compunet 3\\Nexus\\src\\controllers\\submission.controller.ts","statementMap":{"0":{"start":{"line":2,"column":0},"end":{"line":2,"column":63}},"1":{"start":{"line":13,"column":4},"end":{"line":19,"column":5}},"2":{"start":{"line":14,"column":47},"end":{"line":14,"column":55}},"3":{"start":{"line":15,"column":25},"end":{"line":15,"column":81}},"4":{"start":{"line":16,"column":6},"end":{"line":16,"column":64}},"5":{"start":{"line":18,"column":6},"end":{"line":18,"column":18}},"6":{"start":{"line":27,"column":4},"end":{"line":32,"column":5}},"7":{"start":{"line":28,"column":26},"end":{"line":28,"column":69}},"8":{"start":{"line":29,"column":6},"end":{"line":29,"column":92}},"9":{"start":{"line":31,"column":6},"end":{"line":31,"column":18}},"10":{"start":{"line":40,"column":4},"end":{"line":46,"column":5}},"11":{"start":{"line":41,"column":27},"end":{"line":41,"column":40}},"12":{"start":{"line":42,"column":25},"end":{"line":42,"column":80}},"13":{"start":{"line":43,"column":6},"end":{"line":43,"column":64}},"14":{"start":{"line":45,"column":6},"end":{"line":45,"column":18}},"15":{"start":{"line":54,"column":4},"end":{"line":61,"column":5}},"16":{"start":{"line":55,"column":27},"end":{"line":55,"column":40}},"17":{"start":{"line":56,"column":42},"end":{"line":56,"column":50}},"18":{"start":{"line":57,"column":25},"end":{"line":57,"column":89}},"19":{"start":{"line":58,"column":6},"end":{"line":58,"column":64}},"20":{"start":{"line":60,"column":6},"end":{"line":60,"column":18}},"21":{"start":{"line":69,"column":4},"end":{"line":75,"column":5}},"22":{"start":{"line":70,"column":27},"end":{"line":70,"column":40}},"23":{"start":{"line":71,"column":6},"end":{"line":71,"column":61}},"24":{"start":{"line":72,"column":6},"end":{"line":72,"column":90}},"25":{"start":{"line":74,"column":6},"end":{"line":74,"column":18}},"26":{"start":{"line":7,"column":0},"end":{"line":7,"column":13}},"27":{"start":{"line":79,"column":0},"end":{"line":79,"column":42}}},"fnMap":{"0":{"name":"(anonymous_1)","decl":{"start":{"line":12,"column":2},"end":{"line":12,"column":7}},"loc":{"start":{"line":12,"column":72},"end":{"line":20,"column":3}}},"1":{"name":"(anonymous_2)","decl":{"start":{"line":26,"column":2},"end":{"line":26,"column":7}},"loc":{"start":{"line":26,"column":74},"end":{"line":33,"column":3}}},"2":{"name":"(anonymous_3)","decl":{"start":{"line":39,"column":2},"end":{"line":39,"column":7}},"loc":{"start":{"line":39,"column":73},"end":{"line":47,"column":3}}},"3":{"name":"(anonymous_4)","decl":{"start":{"line":53,"column":2},"end":{"line":53,"column":7}},"loc":{"start":{"line":53,"column":71},"end":{"line":62,"column":3}}},"4":{"name":"(anonymous_5)","decl":{"start":{"line":68,"column":2},"end":{"line":68,"column":7}},"loc":{"start":{"line":68,"column":72},"end":{"line":76,"column":3}}}},"branchMap":{},"s":{"0":1,"1":2,"2":2,"3":2,"4":1,"5":1,"6":2,"7":2,"8":1,"9":1,"10":2,"11":2,"12":2,"13":1,"14":1,"15":2,"16":2,"17":2,"18":2,"19":1,"20":1,"21":2,"22":2,"23":2,"24":1,"25":1,"26":1,"27":1},"f":{"0":2,"1":2,"2":2,"3":2,"4":2},"b":{}}
,"C:\\Users\\jhona\\OneDrive\\Documentos\\Icesi\\Compunet 3\\Nexus\\src\\controllers\\user.controller.ts": {"path":"C:\\Users\\jhona\\OneDrive\\Documentos\\Icesi\\Compunet 3\\Nexus\\src\\controllers\\user.controller.ts","statementMap":{"0":{"start":{"line":3,"column":0},"end":{"line":3,"column":51}},"1":{"start":{"line":4,"column":0},"end":{"line":4,"column":92}},"2":{"start":{"line":5,"column":0},"end":{"line":5,"column":43}},"3":{"start":{"line":23,"column":4},"end":{"line":56,"column":5}},"4":{"start":{"line":25,"column":23},"end":{"line":25,"column":31}},"5":{"start":{"line":26,"column":6},"end":{"line":28,"column":7}},"6":{"start":{"line":27,"column":8},"end":{"line":27,"column":74}},"7":{"start":{"line":30,"column":35},"end":{"line":35,"column":8}},"8":{"start":{"line":37,"column":22},"end":{"line":37,"column":60}},"9":{"start":{"line":40,"column":27},"end":{"line":48,"column":8}},"10":{"start":{"line":50,"column":6},"end":{"line":53,"column":9}},"11":{"start":{"line":55,"column":6},"end":{"line":55,"column":18}},"12":{"start":{"line":64,"column":4},"end":{"line":85,"column":5}},"13":{"start":{"line":65,"column":20},"end":{"line":65,"column":51}},"14":{"start":{"line":68,"column":28},"end":{"line":76,"column":9}},"15":{"start":{"line":68,"column":47},"end":{"line":76,"column":8}},"16":{"start":{"line":78,"column":6},"end":{"line":82,"column":9}},"17":{"start":{"line":84,"column":6},"end":{"line":84,"column":18}},"18":{"start":{"line":93,"column":4},"end":{"line":125,"column":5}},"19":{"start":{"line":94,"column":21},"end":{"line":94,"column":34}},"20":{"start":{"line":95,"column":23},"end":{"line":95,"column":31}},"21":{"start":{"line":99,"column":6},"end":{"line":101,"column":7}},"22":{"start":{"line":100,"column":8},"end":{"line":100,"column":76}},"23":{"start":{"line":103,"column":19},"end":{"line":103,"column":56}},"24":{"start":{"line":105,"column":6},"end":{"line":107,"column":7}},"25":{"start":{"line":106,"column":8},"end":{"line":106,"column":57}},"26":{"start":{"line":109,"column":27},"end":{"line":117,"column":8}},"27":{"start":{"line":119,"column":6},"end":{"line":122,"column":9}},"28":{"start":{"line":124,"column":6},"end":{"line":124,"column":18}},"29":{"start":{"line":133,"column":4},"end":{"line":171,"column":5}},"30":{"start":{"line":134,"column":21},"end":{"line":134,"column":34}},"31":{"start":{"line":135,"column":23},"end":{"line":135,"column":31}},"32":{"start":{"line":138,"column":6},"end":{"line":140,"column":7}},"33":{"start":{"line":139,"column":8},"end":{"line":139,"column":78}},"34":{"start":{"line":142,"column":38},"end":{"line":147,"column":8}},"35":{"start":{"line":149,"column":26},"end":{"line":149,"column":74}},"36":{"start":{"line":151,"column":6},"end":{"line":153,"column":7}},"37":{"start":{"line":152,"column":8},"end":{"line":152,"column":57}},"38":{"start":{"line":155,"column":27},"end":{"line":163,"column":8}},"39":{"start":{"line":165,"column":6},"end":{"line":168,"column":9}},"40":{"start":{"line":170,"column":6},"end":{"line":170,"column":18}},"41":{"start":{"line":179,"column":4},"end":{"line":196,"column":5}},"42":{"start":{"line":180,"column":21},"end":{"line":180,"column":34}},"43":{"start":{"line":181,"column":23},"end":{"line":181,"column":31}},"44":{"start":{"line":184,"column":6},"end":{"line":186,"column":7}},"45":{"start":{"line":185,"column":8},"end":{"line":185,"column":77}},"46":{"start":{"line":188,"column":6},"end":{"line":188,"column":43}},"47":{"start":{"line":190,"column":6},"end":{"line":193,"column":9}},"48":{"start":{"line":195,"column":6},"end":{"line":195,"column":18}},"49":{"start":{"line":204,"column":4},"end":{"line":218,"column":5}},"50":{"start":{"line":205,"column":36},"end":{"line":208,"column":8}},"51":{"start":{"line":210,"column":21},"end":{"line":210,"column":88}},"52":{"start":{"line":212,"column":6},"end":{"line":215,"column":9}},"53":{"start":{"line":217,"column":6},"end":{"line":217,"column":18}},"54":{"start":{"line":226,"column":4},"end":{"line":254,"column":5}},"55":{"start":{"line":227,"column":23},"end":{"line":227,"column":31}},"56":{"start":{"line":229,"column":6},"end":{"line":231,"column":7}},"57":{"start":{"line":230,"column":8},"end":{"line":230,"column":58}},"58":{"start":{"line":232,"column":19},"end":{"line":232,"column":61}},"59":{"start":{"line":234,"column":6},"end":{"line":236,"column":7}},"60":{"start":{"line":235,"column":8},"end":{"line":235,"column":57}},"61":{"start":{"line":238,"column":27},"end":{"line":246,"column":8}},"62":{"start":{"line":248,"column":6},"end":{"line":251,"column":9}},"63":{"start":{"line":253,"column":6},"end":{"line":253,"column":18}},"64":{"start":{"line":17,"column":0},"end":{"line":17,"column":13}},"65":{"start":{"line":258,"column":0},"end":{"line":258,"column":36}}},"fnMap":{"0":{"name":"(anonymous_1)","decl":{"start":{"line":22,"column":2},"end":{"line":22,"column":7}},"loc":{"start":{"line":22,"column":66},"end":{"line":57,"column":3}}},"1":{"name":"(anonymous_2)","decl":{"start":{"line":63,"column":2},"end":{"line":63,"column":7}},"loc":{"start":{"line":63,"column":68},"end":{"line":86,"column":3}}},"2":{"name":"(anonymous_3)","decl":{"start":{"line":68,"column":38},"end":{"line":68,"column":42}},"loc":{"start":{"line":68,"column":47},"end":{"line":76,"column":8}}},"3":{"name":"(anonymous_4)","decl":{"start":{"line":92,"column":2},"end":{"line":92,"column":7}},"loc":{"start":{"line":92,"column":67},"end":{"line":126,"column":3}}},"4":{"name":"(anonymous_5)","decl":{"start":{"line":132,"column":2},"end":{"line":132,"column":7}},"loc":{"start":{"line":132,"column":66},"end":{"line":172,"column":3}}},"5":{"name":"(anonymous_6)","decl":{"start":{"line":178,"column":2},"end":{"line":178,"column":7}},"loc":{"start":{"line":178,"column":66},"end":{"line":197,"column":3}}},"6":{"name":"(anonymous_7)","decl":{"start":{"line":203,"column":2},"end":{"line":203,"column":7}},"loc":{"start":{"line":203,"column":65},"end":{"line":219,"column":3}}},"7":{"name":"(anonymous_8)","decl":{"start":{"line":225,"column":2},"end":{"line":225,"column":7}},"loc":{"start":{"line":225,"column":66},"end":{"line":255,"column":3}}}},"branchMap":{"0":{"loc":{"start":{"line":26,"column":6},"end":{"line":28,"column":7}},"type":"if","locations":[{"start":{"line":26,"column":6},"end":{"line":28,"column":7}}]},"1":{"loc":{"start":{"line":26,"column":10},"end":{"line":26,"column":59}},"type":"binary-expr","locations":[{"start":{"line":26,"column":10},"end":{"line":26,"column":19}},{"start":{"line":26,"column":23},"end":{"line":26,"column":59}}]},"2":{"loc":{"start":{"line":99,"column":6},"end":{"line":101,"column":7}},"type":"if","locations":[{"start":{"line":99,"column":6},"end":{"line":101,"column":7}}]},"3":{"loc":{"start":{"line":99,"column":10},"end":{"line":99,"column":87}},"type":"binary-expr","locations":[{"start":{"line":99,"column":10},"end":{"line":99,"column":19}},{"start":{"line":99,"column":24},"end":{"line":99,"column":60}},{"start":{"line":99,"column":64},"end":{"line":99,"column":86}}]},"4":{"loc":{"start":{"line":105,"column":6},"end":{"line":107,"column":7}},"type":"if","locations":[{"start":{"line":105,"column":6},"end":{"line":107,"column":7}}]},"5":{"loc":{"start":{"line":138,"column":6},"end":{"line":140,"column":7}},"type":"if","locations":[{"start":{"line":138,"column":6},"end":{"line":140,"column":7}}]},"6":{"loc":{"start":{"line":138,"column":10},"end":{"line":138,"column":59}},"type":"binary-expr","locations":[{"start":{"line":138,"column":10},"end":{"line":138,"column":19}},{"start":{"line":138,"column":23},"end":{"line":138,"column":59}}]},"7":{"loc":{"start":{"line":151,"column":6},"end":{"line":153,"column":7}},"type":"if","locations":[{"start":{"line":151,"column":6},"end":{"line":153,"column":7}}]},"8":{"loc":{"start":{"line":184,"column":6},"end":{"line":186,"column":7}},"type":"if","locations":[{"start":{"line":184,"column":6},"end":{"line":186,"column":7}}]},"9":{"loc":{"start":{"line":184,"column":10},"end":{"line":184,"column":59}},"type":"binary-expr","locations":[{"start":{"line":184,"column":10},"end":{"line":184,"column":19}},{"start":{"line":184,"column":23},"end":{"line":184,"column":59}}]},"10":{"loc":{"start":{"line":229,"column":6},"end":{"line":231,"column":7}},"type":"if","locations":[{"start":{"line":229,"column":6},"end":{"line":231,"column":7}}]},"11":{"loc":{"start":{"line":234,"column":6},"end":{"line":236,"column":7}},"type":"if","locations":[{"start":{"line":234,"column":6},"end":{"line":236,"column":7}}]}},"s":{"0":1,"1":1,"2":1,"3":3,"4":3,"5":3,"6":1,"7":2,"8":2,"9":1,"10":1,"11":2,"12":2,"13":2,"14":1,"15":2,"16":1,"17":1,"18":4,"19":4,"20":4,"21":4,"22":1,"23":3,"24":3,"25":1,"26":2,"27":2,"28":2,"29":3,"30":3,"31":3,"32":3,"33":1,"34":2,"35":2,"36":2,"37":1,"38":1,"39":1,"40":2,"41":3,"42":3,"43":3,"44":3,"45":1,"46":2,"47":1,"48":2,"49":2,"50":2,"51":2,"52":1,"53":1,"54":3,"55":3,"56":3,"57":1,"58":2,"59":2,"60":1,"61":1,"62":1,"63":2,"64":1,"65":1},"f":{"0":3,"1":2,"2":2,"3":4,"4":3,"5":3,"6":2,"7":3},"b":{"0":[1],"1":[3,3],"2":[1],"3":[4,4,2],"4":[1],"5":[1],"6":[3,3],"7":[1],"8":[1],"9":[3,3],"10":[1],"11":[1]}}
,"C:\\Users\\jhona\\OneDrive\\Documentos\\Icesi\\Compunet 3\\Nexus\\src\\interfaces\\course.interface.ts": {"path":"C:\\Users\\jhona\\OneDrive\\Documentos\\Icesi\\Compunet 3\\Nexus\\src\\interfaces\\course.interface.ts","statementMap":{"0":{"start":{"line":4,"column":0},"end":{"line":4,"column":null}},"1":{"start":{"line":5,"column":2},"end":{"line":5,"column":null}},"2":{"start":{"line":6,"column":2},"end":{"line":6,"column":null}}},"fnMap":{"0":{"name":"(anonymous_0)","decl":{"start":{"line":4,"column":0},"end":{"line":4,"column":12}},"loc":{"start":{"line":4,"column":24},"end":{"line":7,"column":1}}}},"branchMap":{"0":{"loc":{"start":{"line":4,"column":12},"end":{"line":4,"column":null}},"type":"binary-expr","locations":[{"start":{"line":4,"column":12},"end":{"line":4,"column":24}},{"start":{"line":4,"column":24},"end":{"line":4,"column":null}}]}},"s":{"0":4,"1":4,"2":4},"f":{"0":4},"b":{"0":[4,4]}}
,"C:\\Users\\jhona\\OneDrive\\Documentos\\Icesi\\Compunet 3\\Nexus\\src\\interfaces\\user.interface.ts": {"path":"C:\\Users\\jhona\\OneDrive\\Documentos\\Icesi\\Compunet 3\\Nexus\\src\\interfaces\\user.interface.ts","statementMap":{"0":{"start":{"line":5,"column":0},"end":{"line":5,"column":null}},"1":{"start":{"line":6,"column":2},"end":{"line":6,"column":null}},"2":{"start":{"line":7,"column":2},"end":{"line":7,"column":null}}},"fnMap":{"0":{"name":"(anonymous_0)","decl":{"start":{"line":5,"column":0},"end":{"line":5,"column":12}},"loc":{"start":{"line":5,"column":20},"end":{"line":8,"column":1}}}},"branchMap":{"0":{"loc":{"start":{"line":5,"column":12},"end":{"line":5,"column":null}},"type":"binary-expr","locations":[{"start":{"line":5,"column":12},"end":{"line":5,"column":20}},{"start":{"line":5,"column":20},"end":{"line":5,"column":null}}]}},"s":{"0":6,"1":6,"2":6},"f":{"0":6},"b":{"0":[6,6]}}
,"C:\\Users\\jhona\\OneDrive\\Documentos\\Icesi\\Compunet 3\\Nexus\\src\\lib\\appError.ts": {"path":"C:\\Users\\jhona\\OneDrive\\Documentos\\Icesi\\Compunet 3\\Nexus\\src\\lib\\appError.ts","statementMap":{"0":{"start":{"line":8,"column":6},"end":{"line":8,"column":21}},"1":{"start":{"line":9,"column":6},"end":{"line":9,"column":35}},"2":{"start":{"line":10,"column":6},"end":{"line":10,"column":71}},"3":{"start":{"line":11,"column":6},"end":{"line":11,"column":32}},"4":{"start":{"line":13,"column":6},"end":{"line":13,"column":54}},"5":{"start":{"line":2,"column":0},"end":{"line":2,"column":13}}},"fnMap":{"0":{"name":"(anonymous_0)","decl":{"start":{"line":7,"column":4},"end":{"line":7,"column":16}},"loc":{"start":{"line":7,"column":51},"end":{"line":14,"column":5}}}},"branchMap":{"0":{"loc":{"start":{"line":10,"column":20},"end":{"line":10,"column":70}},"type":"cond-expr","locations":[{"start":{"line":10,"column":54},"end":{"line":10,"column":60}},{"start":{"line":10,"column":63},"end":{"line":10,"column":70}}]}},"s":{"0":34,"1":34,"2":34,"3":34,"4":34,"5":9},"f":{"0":34},"b":{"0":[32,2]}}
,"C:\\Users\\jhona\\OneDrive\\Documentos\\Icesi\\Compunet 3\\Nexus\\src\\models\\course.model.ts": {"path":"C:\\Users\\jhona\\OneDrive\\Documentos\\Icesi\\Compunet 3\\Nexus\\src\\models\\course.model.ts","statementMap":{"0":{"start":{"line":2,"column":0},"end":{"line":2,"column":44}},"1":{"start":{"line":3,"column":0},"end":{"line":3,"column":79}},"2":{"start":{"line":5,"column":29},"end":{"line":41,"column":2}},"3":{"start":{"line":44,"column":0},"end":{"line":49,"column":3}},"4":{"start":{"line":45,"column":2},"end":{"line":47,"column":3}},"5":{"start":{"line":46,"column":4},"end":{"line":46,"column":92}},"6":{"start":{"line":48,"column":2},"end":{"line":48,"column":9}},"7":{"start":{"line":51,"column":0},"end":{"line":51,"column":71}}},"fnMap":{"0":{"name":"(anonymous_9)","decl":{"start":{"line":44,"column":46},"end":{"line":44,"column":55}},"loc":{"start":{"line":44,"column":59},"end":{"line":49,"column":1}}}},"branchMap":{"0":{"loc":{"start":{"line":45,"column":2},"end":{"line":47,"column":3}},"type":"if","locations":[{"start":{"line":45,"column":2},"end":{"line":47,"column":3}}]},"1":{"loc":{"start":{"line":45,"column":6},"end":{"line":45,"column":79}},"type":"binary-expr","locations":[{"start":{"line":45,"column":6},"end":{"line":45,"column":20}},{"start":{"line":45,"column":24},"end":{"line":45,"column":41}},{"start":{"line":45,"column":45},"end":{"line":45,"column":79}}]}},"s":{"0":3,"1":3,"2":3,"3":3,"4":8,"5":1,"6":8,"7":3},"f":{"0":8},"b":{"0":[1],"1":[8,8,8]}}
,"C:\\Users\\jhona\\OneDrive\\Documentos\\Icesi\\Compunet 3\\Nexus\\src\\models\\submission.model.ts": {"path":"C:\\Users\\jhona\\OneDrive\\Documentos\\Icesi\\Compunet 3\\Nexus\\src\\models\\submission.model.ts","statementMap":{"0":{"start":{"line":2,"column":0},"end":{"line":2,"column":44}},"1":{"start":{"line":5,"column":33},"end":{"line":36,"column":2}},"2":{"start":{"line":39,"column":0},"end":{"line":39,"column":75}},"3":{"start":{"line":41,"column":0},"end":{"line":41,"column":83}}},"fnMap":{},"branchMap":{},"s":{"0":3,"1":3,"2":3,"3":3},"f":{},"b":{}}
,"C:\\Users\\jhona\\OneDrive\\Documentos\\Icesi\\Compunet 3\\Nexus\\src\\models\\user.model.ts": {"path":"C:\\Users\\jhona\\OneDrive\\Documentos\\Icesi\\Compunet 3\\Nexus\\src\\models\\user.model.ts","statementMap":{"0":{"start":{"line":2,"column":0},"end":{"line":2,"column":44}},"1":{"start":{"line":3,"column":0},"end":{"line":3,"column":28}},"2":{"start":{"line":4,"column":0},"end":{"line":4,"column":71}},"3":{"start":{"line":6,"column":27},"end":{"line":38,"column":2}},"4":{"start":{"line":41,"column":0},"end":{"line":51,"column":3}},"5":{"start":{"line":42,"column":2},"end":{"line":42,"column":52}},"6":{"start":{"line":42,"column":38},"end":{"line":42,"column":52}},"7":{"start":{"line":44,"column":2},"end":{"line":50,"column":3}},"8":{"start":{"line":45,"column":17},"end":{"line":45,"column":41}},"9":{"start":{"line":46,"column":4},"end":{"line":46,"column":63}},"10":{"start":{"line":47,"column":4},"end":{"line":47,"column":11}},"11":{"start":{"line":49,"column":4},"end":{"line":49,"column":16}},"12":{"start":{"line":54,"column":0},"end":{"line":60,"column":2}},"13":{"start":{"line":55,"column":2},"end":{"line":59,"column":3}},"14":{"start":{"line":56,"column":4},"end":{"line":56,"column":68}},"15":{"start":{"line":58,"column":4},"end":{"line":58,"column":17}},"16":{"start":{"line":62,"column":0},"end":{"line":62,"column":65}}},"fnMap":{"0":{"name":"(anonymous_10)","decl":{"start":{"line":41,"column":38},"end":{"line":41,"column":43}},"loc":{"start":{"line":41,"column":57},"end":{"line":51,"column":1}}},"1":{"name":"(anonymous_11)","decl":{"start":{"line":54,"column":37},"end":{"line":54,"column":42}},"loc":{"start":{"line":54,"column":77},"end":{"line":60,"column":1}}}},"branchMap":{"0":{"loc":{"start":{"line":42,"column":2},"end":{"line":42,"column":52}},"type":"if","locations":[{"start":{"line":42,"column":2},"end":{"line":42,"column":52}}]}},"s":{"0":5,"1":5,"2":5,"3":5,"4":5,"5":29,"6":0,"7":29,"8":29,"9":29,"10":29,"11":0,"12":5,"13":0,"14":0,"15":0,"16":5},"f":{"0":29,"1":0},"b":{"0":[0]}}
,"C:\\Users\\jhona\\OneDrive\\Documentos\\Icesi\\Compunet 3\\Nexus\\src\\services\\course.service.ts": {"path":"C:\\Users\\jhona\\OneDrive\\Documentos\\Icesi\\Compunet 3\\Nexus\\src\\services\\course.service.ts","statementMap":{"0":{"start":{"line":1,"column":0},"end":{"line":1,"column":44}},"1":{"start":{"line":3,"column":0},"end":{"line":3,"column":43}},"2":{"start":{"line":11,"column":4},"end":{"line":16,"column":5}},"3":{"start":{"line":12,"column":21},"end":{"line":12,"column":43}},"4":{"start":{"line":13,"column":6},"end":{"line":13,"column":33}},"5":{"start":{"line":15,"column":6},"end":{"line":15,"column":57}},"6":{"start":{"line":23,"column":4},"end":{"line":27,"column":5}},"7":{"start":{"line":24,"column":6},"end":{"line":24,"column":63}},"8":{"start":{"line":26,"column":6},"end":{"line":26,"column":61}},"9":{"start":{"line":35,"column":4},"end":{"line":43,"column":5}},"10":{"start":{"line":36,"column":21},"end":{"line":36,"column":82}},"11":{"start":{"line":37,"column":6},"end":{"line":39,"column":7}},"12":{"start":{"line":38,"column":8},"end":{"line":38,"column":55}},"13":{"start":{"line":40,"column":6},"end":{"line":40,"column":20}},"14":{"start":{"line":42,"column":6},"end":{"line":42,"column":18}},"15":{"start":{"line":52,"column":4},"end":{"line":56,"column":5}},"16":{"start":{"line":53,"column":6},"end":{"line":53,"column":112}},"17":{"start":{"line":55,"column":6},"end":{"line":55,"column":62}},"18":{"start":{"line":64,"column":4},"end":{"line":68,"column":5}},"19":{"start":{"line":65,"column":6},"end":{"line":65,"column":47}},"20":{"start":{"line":67,"column":6},"end":{"line":67,"column":60}},"21":{"start":{"line":5,"column":0},"end":{"line":5,"column":13}},"22":{"start":{"line":72,"column":0},"end":{"line":72,"column":35}}},"fnMap":{"0":{"name":"(anonymous_1)","decl":{"start":{"line":10,"column":2},"end":{"line":10,"column":7}},"loc":{"start":{"line":10,"column":45},"end":{"line":17,"column":3}}},"1":{"name":"(anonymous_2)","decl":{"start":{"line":22,"column":2},"end":{"line":22,"column":7}},"loc":{"start":{"line":22,"column":21},"end":{"line":28,"column":3}}},"2":{"name":"(anonymous_3)","decl":{"start":{"line":34,"column":2},"end":{"line":34,"column":7}},"loc":{"start":{"line":34,"column":38},"end":{"line":44,"column":3}}},"3":{"name":"(anonymous_4)","decl":{"start":{"line":51,"column":2},"end":{"line":51,"column":7}},"loc":{"start":{"line":51,"column":64},"end":{"line":57,"column":3}}},"4":{"name":"(anonymous_5)","decl":{"start":{"line":63,"column":2},"end":{"line":63,"column":7}},"loc":{"start":{"line":63,"column":37},"end":{"line":69,"column":3}}}},"branchMap":{"0":{"loc":{"start":{"line":37,"column":6},"end":{"line":39,"column":7}},"type":"if","locations":[{"start":{"line":37,"column":6},"end":{"line":39,"column":7}}]}},"s":{"0":2,"1":2,"2":1,"3":1,"4":1,"5":0,"6":1,"7":1,"8":0,"9":2,"10":2,"11":2,"12":1,"13":1,"14":1,"15":1,"16":1,"17":0,"18":1,"19":1,"20":0,"21":2,"22":2},"f":{"0":1,"1":1,"2":2,"3":1,"4":1},"b":{"0":[1]}}
,"C:\\Users\\jhona\\OneDrive\\Documentos\\Icesi\\Compunet 3\\Nexus\\src\\services\\security.service.ts": {"path":"C:\\Users\\jhona\\OneDrive\\Documentos\\Icesi\\Compunet 3\\Nexus\\src\\services\\security.service.ts","statementMap":{"0":{"start":{"line":2,"column":0},"end":{"line":2,"column":28}},"1":{"start":{"line":4,"column":0},"end":{"line":4,"column":31}},"2":{"start":{"line":9,"column":8},"end":{"line":9,"column":47}},"3":{"start":{"line":13,"column":8},"end":{"line":13,"column":74}},"4":{"start":{"line":17,"column":8},"end":{"line":17,"column":63}},"5":{"start":{"line":24,"column":13},"end":{"line":24,"column":53}}},"fnMap":{"0":{"name":"(anonymous_1)","decl":{"start":{"line":8,"column":4},"end":{"line":8,"column":9}},"loc":{"start":{"line":8,"column":43},"end":{"line":10,"column":5}}},"1":{"name":"(anonymous_2)","decl":{"start":{"line":12,"column":4},"end":{"line":12,"column":9}},"loc":{"start":{"line":12,"column":81},"end":{"line":14,"column":5}}},"2":{"name":"(anonymous_3)","decl":{"start":{"line":16,"column":4},"end":{"line":16,"column":9}},"loc":{"start":{"line":16,"column":69},"end":{"line":18,"column":5}}}},"branchMap":{},"s":{"0":2,"1":2,"2":1,"3":1,"4":2,"5":2},"f":{"0":1,"1":1,"2":2},"b":{}}
,"C:\\Users\\jhona\\OneDrive\\Documentos\\Icesi\\Compunet 3\\Nexus\\src\\services\\submission.service.ts": {"path":"C:\\Users\\jhona\\OneDrive\\Documentos\\Icesi\\Compunet 3\\Nexus\\src\\services\\submission.service.ts","statementMap":{"0":{"start":{"line":1,"column":0},"end":{"line":1,"column":52}},"1":{"start":{"line":3,"column":0},"end":{"line":3,"column":43}},"2":{"start":{"line":11,"column":4},"end":{"line":24,"column":5}},"3":{"start":{"line":13,"column":33},"end":{"line":16,"column":8}},"4":{"start":{"line":17,"column":6},"end":{"line":19,"column":7}},"5":{"start":{"line":18,"column":8},"end":{"line":18,"column":78}},"6":{"start":{"line":20,"column":25},"end":{"line":20,"column":55}},"7":{"start":{"line":21,"column":6},"end":{"line":21,"column":37}},"8":{"start":{"line":23,"column":6},"end":{"line":23,"column":18}},"9":{"start":{"line":31,"column":4},"end":{"line":37,"column":5}},"10":{"start":{"line":32,"column":6},"end":{"line":34,"column":42}},"11":{"start":{"line":36,"column":6},"end":{"line":36,"column":63}},"12":{"start":{"line":45,"column":4},"end":{"line":55,"column":5}},"13":{"start":{"line":46,"column":25},"end":{"line":48,"column":41}},"14":{"start":{"line":49,"column":6},"end":{"line":51,"column":7}},"15":{"start":{"line":50,"column":8},"end":{"line":50,"column":57}},"16":{"start":{"line":52,"column":6},"end":{"line":52,"column":24}},"17":{"start":{"line":54,"column":6},"end":{"line":54,"column":18}},"18":{"start":{"line":64,"column":4},"end":{"line":75,"column":5}},"19":{"start":{"line":65,"column":25},"end":{"line":65,"column":64}},"20":{"start":{"line":66,"column":6},"end":{"line":68,"column":7}},"21":{"start":{"line":67,"column":8},"end":{"line":67,"column":57}},"22":{"start":{"line":70,"column":6},"end":{"line":70,"column":39}},"23":{"start":{"line":71,"column":6},"end":{"line":71,"column":79}},"24":{"start":{"line":72,"column":6},"end":{"line":72,"column":37}},"25":{"start":{"line":74,"column":6},"end":{"line":74,"column":18}},"26":{"start":{"line":83,"column":4},"end":{"line":87,"column":5}},"27":{"start":{"line":84,"column":6},"end":{"line":84,"column":55}},"28":{"start":{"line":86,"column":6},"end":{"line":86,"column":62}},"29":{"start":{"line":5,"column":0},"end":{"line":5,"column":13}},"30":{"start":{"line":91,"column":0},"end":{"line":91,"column":39}}},"fnMap":{"0":{"name":"(anonymous_1)","decl":{"start":{"line":10,"column":2},"end":{"line":10,"column":7}},"loc":{"start":{"line":10,"column":57},"end":{"line":25,"column":3}}},"1":{"name":"(anonymous_2)","decl":{"start":{"line":30,"column":2},"end":{"line":30,"column":7}},"loc":{"start":{"line":30,"column":25},"end":{"line":38,"column":3}}},"2":{"name":"(anonymous_3)","decl":{"start":{"line":44,"column":2},"end":{"line":44,"column":7}},"loc":{"start":{"line":44,"column":46},"end":{"line":56,"column":3}}},"3":{"name":"(anonymous_4)","decl":{"start":{"line":63,"column":2},"end":{"line":63,"column":7}},"loc":{"start":{"line":63,"column":73},"end":{"line":76,"column":3}}},"4":{"name":"(anonymous_5)","decl":{"start":{"line":82,"column":2},"end":{"line":82,"column":7}},"loc":{"start":{"line":82,"column":45},"end":{"line":88,"column":3}}}},"branchMap":{"0":{"loc":{"start":{"line":17,"column":6},"end":{"line":19,"column":7}},"type":"if","locations":[{"start":{"line":17,"column":6},"end":{"line":19,"column":7}}]},"1":{"loc":{"start":{"line":49,"column":6},"end":{"line":51,"column":7}},"type":"if","locations":[{"start":{"line":49,"column":6},"end":{"line":51,"column":7}}]},"2":{"loc":{"start":{"line":66,"column":6},"end":{"line":68,"column":7}},"type":"if","locations":[{"start":{"line":66,"column":6},"end":{"line":68,"column":7}}]},"3":{"loc":{"start":{"line":71,"column":31},"end":{"line":71,"column":78}},"type":"binary-expr","locations":[{"start":{"line":71,"column":31},"end":{"line":71,"column":52}},{"start":{"line":71,"column":56},"end":{"line":71,"column":78}}]}},"s":{"0":2,"1":2,"2":3,"3":3,"4":3,"5":1,"6":2,"7":2,"8":1,"9":1,"10":1,"11":0,"12":2,"13":2,"14":2,"15":1,"16":1,"17":1,"18":1,"19":1,"20":1,"21":0,"22":1,"23":1,"24":1,"25":0,"26":1,"27":1,"28":0,"29":2,"30":2},"f":{"0":3,"1":1,"2":2,"3":1,"4":1},"b":{"0":[1],"1":[1],"2":[0],"3":[1,0]}}
,"C:\\Users\\jhona\\OneDrive\\Documentos\\Icesi\\Compunet 3\\Nexus\\src\\services\\user.service.ts": {"path":"C:\\Users\\jhona\\OneDrive\\Documentos\\Icesi\\Compunet 3\\Nexus\\src\\services\\user.service.ts","statementMap":{"0":{"start":{"line":2,"column":0},"end":{"line":2,"column":40}},"1":{"start":{"line":4,"column":0},"end":{"line":4,"column":53}},"2":{"start":{"line":5,"column":0},"end":{"line":5,"column":31}},"3":{"start":{"line":6,"column":0},"end":{"line":6,"column":43}},"4":{"start":{"line":14,"column":4},"end":{"line":28,"column":5}},"5":{"start":{"line":16,"column":27},"end":{"line":16,"column":74}},"6":{"start":{"line":17,"column":6},"end":{"line":19,"column":7}},"7":{"start":{"line":18,"column":8},"end":{"line":18,"column":64}},"8":{"start":{"line":22,"column":19},"end":{"line":22,"column":37}},"9":{"start":{"line":23,"column":6},"end":{"line":23,"column":31}},"10":{"start":{"line":25,"column":8},"end":{"line":25,"column":59}},"11":{"start":{"line":27,"column":6},"end":{"line":27,"column":18}},"12":{"start":{"line":35,"column":4},"end":{"line":39,"column":5}},"13":{"start":{"line":36,"column":6},"end":{"line":36,"column":47}},"14":{"start":{"line":38,"column":6},"end":{"line":38,"column":59}},"15":{"start":{"line":47,"column":4},"end":{"line":56,"column":5}},"16":{"start":{"line":48,"column":19},"end":{"line":48,"column":46}},"17":{"start":{"line":49,"column":6},"end":{"line":51,"column":7}},"18":{"start":{"line":50,"column":8},"end":{"line":50,"column":57}},"19":{"start":{"line":52,"column":6},"end":{"line":52,"column":18}},"20":{"start":{"line":54,"column":6},"end":{"line":54,"column":49}},"21":{"start":{"line":54,"column":37},"end":{"line":54,"column":49}},"22":{"start":{"line":55,"column":6},"end":{"line":55,"column":61}},"23":{"start":{"line":65,"column":4},"end":{"line":89,"column":5}},"24":{"start":{"line":67,"column":19},"end":{"line":67,"column":46}},"25":{"start":{"line":68,"column":6},"end":{"line":70,"column":7}},"26":{"start":{"line":69,"column":8},"end":{"line":69,"column":57}},"27":{"start":{"line":73,"column":6},"end":{"line":78,"column":7}},"28":{"start":{"line":74,"column":30},"end":{"line":74,"column":79}},"29":{"start":{"line":75,"column":8},"end":{"line":77,"column":9}},"30":{"start":{"line":76,"column":10},"end":{"line":76,"column":79}},"31":{"start":{"line":81,"column":6},"end":{"line":85,"column":8}},"32":{"start":{"line":87,"column":6},"end":{"line":87,"column":49}},"33":{"start":{"line":87,"column":37},"end":{"line":87,"column":49}},"34":{"start":{"line":88,"column":6},"end":{"line":88,"column":64}},"35":{"start":{"line":97,"column":4},"end":{"line":111,"column":5}},"36":{"start":{"line":98,"column":19},"end":{"line":98,"column":46}},"37":{"start":{"line":99,"column":6},"end":{"line":101,"column":7}},"38":{"start":{"line":100,"column":8},"end":{"line":100,"column":57}},"39":{"start":{"line":103,"column":6},"end":{"line":107,"column":8}},"40":{"start":{"line":109,"column":6},"end":{"line":109,"column":49}},"41":{"start":{"line":109,"column":37},"end":{"line":109,"column":49}},"42":{"start":{"line":110,"column":6},"end":{"line":110,"column":62}},"43":{"start":{"line":120,"column":4},"end":{"line":153,"column":5}},"44":{"start":{"line":122,"column":19},"end":{"line":122,"column":92}},"45":{"start":{"line":124,"column":6},"end":{"line":126,"column":7}},"46":{"start":{"line":125,"column":8},"end":{"line":125,"column":58}},"47":{"start":{"line":129,"column":30},"end":{"line":129,"column":95}},"48":{"start":{"line":130,"column":6},"end":{"line":130,"column":53}},"49":{"start":{"line":131,"column":6},"end":{"line":131,"column":56}},"50":{"start":{"line":132,"column":6},"end":{"line":132,"column":61}},"51":{"start":{"line":133,"column":6},"end":{"line":135,"column":7}},"52":{"start":{"line":134,"column":8},"end":{"line":134,"column":58}},"53":{"start":{"line":138,"column":20},"end":{"line":138,"column":44}},"54":{"start":{"line":141,"column":6},"end":{"line":149,"column":8}},"55":{"start":{"line":151,"column":6},"end":{"line":151,"column":49}},"56":{"start":{"line":151,"column":37},"end":{"line":151,"column":49}},"57":{"start":{"line":152,"column":6},"end":{"line":152,"column":57}},"58":{"start":{"line":161,"column":20},"end":{"line":166,"column":6}},"59":{"start":{"line":169,"column":22},"end":{"line":169,"column":77}},"60":{"start":{"line":172,"column":4},"end":{"line":172,"column":62}},"61":{"start":{"line":8,"column":0},"end":{"line":8,"column":13}},"62":{"start":{"line":176,"column":0},"end":{"line":176,"column":33}}},"fnMap":{"0":{"name":"(anonymous_1)","decl":{"start":{"line":13,"column":2},"end":{"line":13,"column":7}},"loc":{"start":{"line":13,"column":39},"end":{"line":29,"column":3}}},"1":{"name":"(anonymous_2)","decl":{"start":{"line":34,"column":2},"end":{"line":34,"column":7}},"loc":{"start":{"line":34,"column":19},"end":{"line":40,"column":3}}},"2":{"name":"(anonymous_3)","decl":{"start":{"line":46,"column":2},"end":{"line":46,"column":7}},"loc":{"start":{"line":46,"column":34},"end":{"line":57,"column":3}}},"3":{"name":"(anonymous_4)","decl":{"start":{"line":64,"column":2},"end":{"line":64,"column":7}},"loc":{"start":{"line":64,"column":58},"end":{"line":90,"column":3}}},"4":{"name":"(anonymous_5)","decl":{"start":{"line":96,"column":2},"end":{"line":96,"column":7}},"loc":{"start":{"line":96,"column":33},"end":{"line":112,"column":3}}},"5":{"name":"(anonymous_6)","decl":{"start":{"line":119,"column":2},"end":{"line":119,"column":7}},"loc":{"start":{"line":119,"column":49},"end":{"line":154,"column":3}}},"6":{"name":"(anonymous_7)","decl":{"start":{"line":160,"column":10},"end":{"line":160,"column":23}},"loc":{"start":{"line":160,"column":43},"end":{"line":173,"column":3}}}},"branchMap":{"0":{"loc":{"start":{"line":17,"column":6},"end":{"line":19,"column":7}},"type":"if","locations":[{"start":{"line":17,"column":6},"end":{"line":19,"column":7}}]},"1":{"loc":{"start":{"line":49,"column":6},"end":{"line":51,"column":7}},"type":"if","locations":[{"start":{"line":49,"column":6},"end":{"line":51,"column":7}}]},"2":{"loc":{"start":{"line":49,"column":10},"end":{"line":49,"column":31}},"type":"binary-expr","locations":[{"start":{"line":49,"column":10},"end":{"line":49,"column":15}},{"start":{"line":49,"column":19},"end":{"line":49,"column":31}}]},"3":{"loc":{"start":{"line":54,"column":6},"end":{"line":54,"column":49}},"type":"if","locations":[{"start":{"line":54,"column":6},"end":{"line":54,"column":49}}]},"4":{"loc":{"start":{"line":68,"column":6},"end":{"line":70,"column":7}},"type":"if","locations":[{"start":{"line":68,"column":6},"end":{"line":70,"column":7}}]},"5":{"loc":{"start":{"line":68,"column":10},"end":{"line":68,"column":31}},"type":"binary-expr","locations":[{"start":{"line":68,"column":10},"end":{"line":68,"column":15}},{"start":{"line":68,"column":19},"end":{"line":68,"column":31}}]},"6":{"loc":{"start":{"line":73,"column":6},"end":{"line":78,"column":7}},"type":"if","locations":[{"start":{"line":73,"column":6},"end":{"line":78,"column":7}}]},"7":{"loc":{"start":{"line":73,"column":10},"end":{"line":73,"column":64}},"type":"binary-expr","locations":[{"start":{"line":73,"column":10},"end":{"line":73,"column":27}},{"start":{"line":73,"column":31},"end":{"line":73,"column":64}}]},"8":{"loc":{"start":{"line":75,"column":8},"end":{"line":77,"column":9}},"type":"if","locations":[{"start":{"line":75,"column":8},"end":{"line":77,"column":9}}]},"9":{"loc":{"start":{"line":87,"column":6},"end":{"line":87,"column":49}},"type":"if","locations":[{"start":{"line":87,"column":6},"end":{"line":87,"column":49}}]},"10":{"loc":{"start":{"line":99,"column":6},"end":{"line":101,"column":7}},"type":"if","locations":[{"start":{"line":99,"column":6},"end":{"line":101,"column":7}}]},"11":{"loc":{"start":{"line":99,"column":10},"end":{"line":99,"column":31}},"type":"binary-expr","locations":[{"start":{"line":99,"column":10},"end":{"line":99,"column":15}},{"start":{"line":99,"column":19},"end":{"line":99,"column":31}}]},"12":{"loc":{"start":{"line":109,"column":6},"end":{"line":109,"column":49}},"type":"if","locations":[{"start":{"line":109,"column":6},"end":{"line":109,"column":49}}]},"13":{"loc":{"start":{"line":124,"column":6},"end":{"line":126,"column":7}},"type":"if","locations":[{"start":{"line":124,"column":6},"end":{"line":126,"column":7}}]},"14":{"loc":{"start":{"line":133,"column":6},"end":{"line":135,"column":7}},"type":"if","locations":[{"start":{"line":133,"column":6},"end":{"line":135,"column":7}}]},"15":{"loc":{"start":{"line":151,"column":6},"end":{"line":151,"column":49}},"type":"if","locations":[{"start":{"line":151,"column":6},"end":{"line":151,"column":49}}]},"16":{"loc":{"start":{"line":169,"column":22},"end":{"line":169,"column":77}},"type":"binary-expr","locations":[{"start":{"line":169,"column":22},"end":{"line":169,"column":44}},{"start":{"line":169,"column":48},"end":{"line":169,"column":77}}]}},"s":{"0":2,"1":2,"2":2,"3":2,"4":4,"5":4,"6":4,"7":1,"8":3,"9":3,"10":1,"11":1,"12":1,"13":1,"14":0,"15":3,"16":3,"17":3,"18":2,"19":1,"20":2,"21":2,"22":0,"23":2,"24":2,"25":2,"26":0,"27":2,"28":1,"29":1,"30":1,"31":1,"32":1,"33":1,"34":0,"35":2,"36":2,"37":2,"38":1,"39":1,"40":1,"41":1,"42":0,"43":3,"44":3,"45":3,"46":1,"47":2,"48":2,"49":2,"50":2,"51":2,"52":1,"53":1,"54":1,"55":2,"56":2,"57":0,"58":1,"59":1,"60":1,"61":2,"62":2},"f":{"0":4,"1":1,"2":3,"3":2,"4":2,"5":3,"6":1},"b":{"0":[1],"1":[2],"2":[3,2],"3":[2],"4":[0],"5":[2,2],"6":[1],"7":[2,1],"8":[1],"9":[1],"10":[1],"11":[2,1],"12":[1],"13":[1],"14":[1],"15":[2],"16":[1,1]}}
}
