TN:
SF:src\controllers\course.controller.ts
FN:13,(anonymous_1)
FN:27,(anonymous_2)
FN:40,(anonymous_3)
FN:54,(anonymous_4)
FN:69,(anonymous_5)
FNF:5
FNH:5
FNDA:2,(anonymous_1)
FNDA:2,(anonymous_2)
FNDA:2,(anonymous_3)
FNDA:2,(anonymous_4)
FNDA:2,(anonymous_5)
DA:2,1
DA:8,1
DA:14,2
DA:15,2
DA:16,2
DA:17,1
DA:19,1
DA:28,2
DA:29,2
DA:30,1
DA:32,1
DA:41,2
DA:42,2
DA:43,2
DA:44,1
DA:46,1
DA:55,2
DA:56,2
DA:57,2
DA:58,2
DA:59,1
DA:61,1
DA:70,2
DA:71,2
DA:72,2
DA:73,1
DA:75,1
DA:80,1
LF:28
LH:28
BRF:0
BRH:0
end_of_record
TN:
SF:src\controllers\submission.controller.ts
FN:12,(anonymous_1)
FN:26,(anonymous_2)
FN:39,(anonymous_3)
FN:53,(anonymous_4)
FN:68,(anonymous_5)
FNF:5
FNH:5
FNDA:2,(anonymous_1)
FNDA:2,(anonymous_2)
FNDA:2,(anonymous_3)
FNDA:2,(anonymous_4)
FNDA:2,(anonymous_5)
DA:2,1
DA:7,1
DA:13,2
DA:14,2
DA:15,2
DA:16,1
DA:18,1
DA:27,2
DA:28,2
DA:29,1
DA:31,1
DA:40,2
DA:41,2
DA:42,2
DA:43,1
DA:45,1
DA:54,2
DA:55,2
DA:56,2
DA:57,2
DA:58,1
DA:60,1
DA:69,2
DA:70,2
DA:71,2
DA:72,1
DA:74,1
DA:79,1
LF:28
LH:28
BRF:0
BRH:0
end_of_record
TN:
SF:src\controllers\user.controller.ts
FN:22,(anonymous_1)
FN:63,(anonymous_2)
FN:68,(anonymous_3)
FN:92,(anonymous_4)
FN:132,(anonymous_5)
FN:178,(anonymous_6)
FN:203,(anonymous_7)
FN:225,(anonymous_8)
FNF:8
FNH:8
FNDA:3,(anonymous_1)
FNDA:2,(anonymous_2)
FNDA:2,(anonymous_3)
FNDA:4,(anonymous_4)
FNDA:3,(anonymous_5)
FNDA:3,(anonymous_6)
FNDA:2,(anonymous_7)
FNDA:3,(anonymous_8)
DA:3,1
DA:4,1
DA:5,1
DA:17,1
DA:23,3
DA:25,3
DA:26,3
DA:27,1
DA:30,2
DA:37,2
DA:40,1
DA:50,1
DA:55,2
DA:64,2
DA:65,2
DA:68,2
DA:78,1
DA:84,1
DA:93,4
DA:94,4
DA:95,4
DA:99,4
DA:100,1
DA:103,3
DA:105,3
DA:106,1
DA:109,2
DA:119,2
DA:124,2
DA:133,3
DA:134,3
DA:135,3
DA:138,3
DA:139,1
DA:142,2
DA:149,2
DA:151,2
DA:152,1
DA:155,1
DA:165,1
DA:170,2
DA:179,3
DA:180,3
DA:181,3
DA:184,3
DA:185,1
DA:188,2
DA:190,1
DA:195,2
DA:204,2
DA:205,2
DA:210,2
DA:212,1
DA:217,1
DA:226,3
DA:227,3
DA:229,3
DA:230,1
DA:232,2
DA:234,2
DA:235,1
DA:238,1
DA:248,1
DA:253,2
DA:258,1
LF:65
LH:65
BRDA:26,0,0,1
BRDA:26,1,0,3
BRDA:26,1,1,3
BRDA:99,2,0,1
BRDA:99,3,0,4
BRDA:99,3,1,4
BRDA:99,3,2,2
BRDA:105,4,0,1
BRDA:138,5,0,1
BRDA:138,6,0,3
BRDA:138,6,1,3
BRDA:151,7,0,1
BRDA:184,8,0,1
BRDA:184,9,0,3
BRDA:184,9,1,3
BRDA:229,10,0,1
BRDA:234,11,0,1
BRF:17
BRH:17
end_of_record
TN:
SF:src\interfaces\course.interface.ts
FN:4,(anonymous_0)
FNF:1
FNH:1
FNDA:4,(anonymous_0)
DA:4,4
DA:5,4
DA:6,4
LF:3
LH:3
BRDA:4,0,0,4
BRDA:4,0,1,4
BRF:2
BRH:2
end_of_record
TN:
SF:src\interfaces\user.interface.ts
FN:5,(anonymous_0)
FNF:1
FNH:1
FNDA:6,(anonymous_0)
DA:5,6
DA:6,6
DA:7,6
LF:3
LH:3
BRDA:5,0,0,6
BRDA:5,0,1,6
BRF:2
BRH:2
end_of_record
TN:
SF:src\lib\appError.ts
FN:7,(anonymous_0)
FNF:1
FNH:1
FNDA:34,(anonymous_0)
DA:2,9
DA:8,34
DA:9,34
DA:10,34
DA:11,34
DA:13,34
LF:6
LH:6
BRDA:10,0,0,32
BRDA:10,0,1,2
BRF:2
BRH:2
end_of_record
TN:
SF:src\models\course.model.ts
FN:44,(anonymous_9)
FNF:1
FNH:1
FNDA:8,(anonymous_9)
DA:2,3
DA:3,3
DA:5,3
DA:44,3
DA:45,8
DA:46,1
DA:48,8
DA:51,3
LF:8
LH:8
BRDA:45,0,0,1
BRDA:45,1,0,8
BRDA:45,1,1,8
BRDA:45,1,2,8
BRF:4
BRH:4
end_of_record
TN:
SF:src\models\submission.model.ts
FNF:0
FNH:0
DA:2,3
DA:5,3
DA:39,3
DA:41,3
LF:4
LH:4
BRF:0
BRH:0
end_of_record
TN:
SF:src\models\user.model.ts
FN:41,(anonymous_10)
FN:54,(anonymous_11)
FNF:2
FNH:1
FNDA:29,(anonymous_10)
FNDA:0,(anonymous_11)
DA:2,5
DA:3,5
DA:4,5
DA:6,5
DA:41,5
DA:42,29
DA:44,29
DA:45,29
DA:46,29
DA:47,29
DA:49,0
DA:54,5
DA:55,0
DA:56,0
DA:58,0
DA:62,5
LF:16
LH:12
BRDA:42,0,0,0
BRF:1
BRH:0
end_of_record
TN:
SF:src\services\course.service.ts
FN:10,(anonymous_1)
FN:22,(anonymous_2)
FN:34,(anonymous_3)
FN:51,(anonymous_4)
FN:63,(anonymous_5)
FNF:5
FNH:5
FNDA:1,(anonymous_1)
FNDA:1,(anonymous_2)
FNDA:2,(anonymous_3)
FNDA:1,(anonymous_4)
FNDA:1,(anonymous_5)
DA:1,2
DA:3,2
DA:5,2
DA:11,1
DA:12,1
DA:13,1
DA:15,0
DA:23,1
DA:24,1
DA:26,0
DA:35,2
DA:36,2
DA:37,2
DA:38,1
DA:40,1
DA:42,1
DA:52,1
DA:53,1
DA:55,0
DA:64,1
DA:65,1
DA:67,0
DA:72,2
LF:23
LH:19
BRDA:37,0,0,1
BRF:1
BRH:1
end_of_record
TN:
SF:src\services\security.service.ts
FN:8,(anonymous_1)
FN:12,(anonymous_2)
FN:16,(anonymous_3)
FNF:3
FNH:3
FNDA:1,(anonymous_1)
FNDA:1,(anonymous_2)
FNDA:2,(anonymous_3)
DA:2,2
DA:4,2
DA:9,1
DA:13,1
DA:17,2
DA:24,2
LF:6
LH:6
BRF:0
BRH:0
end_of_record
TN:
SF:src\services\submission.service.ts
FN:10,(anonymous_1)
FN:30,(anonymous_2)
FN:44,(anonymous_3)
FN:63,(anonymous_4)
FN:82,(anonymous_5)
FNF:5
FNH:5
FNDA:3,(anonymous_1)
FNDA:1,(anonymous_2)
FNDA:2,(anonymous_3)
FNDA:1,(anonymous_4)
FNDA:1,(anonymous_5)
DA:1,2
DA:3,2
DA:5,2
DA:11,3
DA:13,3
DA:17,3
DA:18,1
DA:20,2
DA:21,2
DA:23,1
DA:31,1
DA:32,1
DA:36,0
DA:45,2
DA:46,2
DA:49,2
DA:50,1
DA:52,1
DA:54,1
DA:64,1
DA:65,1
DA:66,1
DA:67,0
DA:70,1
DA:71,1
DA:72,1
DA:74,0
DA:83,1
DA:84,1
DA:86,0
DA:91,2
LF:31
LH:27
BRDA:17,0,0,1
BRDA:49,1,0,1
BRDA:66,2,0,0
BRDA:71,3,0,1
BRDA:71,3,1,0
BRF:5
BRH:3
end_of_record
TN:
SF:src\services\user.service.ts
FN:13,(anonymous_1)
FN:34,(anonymous_2)
FN:46,(anonymous_3)
FN:64,(anonymous_4)
FN:96,(anonymous_5)
FN:119,(anonymous_6)
FN:160,(anonymous_7)
FNF:7
FNH:7
FNDA:4,(anonymous_1)
FNDA:1,(anonymous_2)
FNDA:3,(anonymous_3)
FNDA:2,(anonymous_4)
FNDA:2,(anonymous_5)
FNDA:3,(anonymous_6)
FNDA:1,(anonymous_7)
DA:2,2
DA:4,2
DA:5,2
DA:6,2
DA:8,2
DA:14,4
DA:16,4
DA:17,4
DA:18,1
DA:22,3
DA:23,3
DA:25,1
DA:27,1
DA:35,1
DA:36,1
DA:38,0
DA:47,3
DA:48,3
DA:49,3
DA:50,2
DA:52,1
DA:54,2
DA:55,0
DA:65,2
DA:67,2
DA:68,2
DA:69,0
DA:73,2
DA:74,1
DA:75,1
DA:76,1
DA:81,1
DA:87,1
DA:88,0
DA:97,2
DA:98,2
DA:99,2
DA:100,1
DA:103,1
DA:109,1
DA:110,0
DA:120,3
DA:122,3
DA:124,3
DA:125,1
DA:129,2
DA:130,2
DA:131,2
DA:132,2
DA:133,2
DA:134,1
DA:138,1
DA:141,1
DA:151,2
DA:152,0
DA:161,1
DA:169,1
DA:172,1
DA:176,2
LF:59
LH:53
BRDA:17,0,0,1
BRDA:49,1,0,2
BRDA:49,2,0,3
BRDA:49,2,1,2
BRDA:54,3,0,2
BRDA:68,4,0,0
BRDA:68,5,0,2
BRDA:68,5,1,2
BRDA:73,6,0,1
BRDA:73,7,0,2
BRDA:73,7,1,1
BRDA:75,8,0,1
BRDA:87,9,0,1
BRDA:99,10,0,1
BRDA:99,11,0,2
BRDA:99,11,1,1
BRDA:109,12,0,1
BRDA:124,13,0,1
BRDA:133,14,0,1
BRDA:151,15,0,2
BRDA:169,16,0,1
BRDA:169,16,1,1
BRF:22
BRH:21
end_of_record
